Arguments: 
  C:\Program Files\nodejs\node.exe C:\Program Files (x86)\Yarn\bin\yarn.js

PATH: 
  C:\Users\Bayon\bin;C:\Program Files\Git\mingw64\bin;C:\Program Files\Git\usr\local\bin;C:\Program Files\Git\usr\bin;C:\Program Files\Git\usr\bin;C:\Program Files\Git\mingw64\bin;C:\Program Files\Git\usr\bin;C:\Users\Bayon\bin;C:\Python27;C:\Python27\Scripts;C:\Windows\system32;C:\Windows;C:\Windows\System32\Wbem;C:\Windows\System32\WindowsPowerShell\v1.0;C:\Windows\System32\OpenSSH;C:\Program Files\NVIDIA Corporation\NVIDIA NGX;C:\Program Files\nodejs;C:\ProgramData\chocolatey\bin;C:\Program Files (x86)\Yarn\bin;C:\Program Files\Git\cmd;C:\Users\Bayon\AppData\Local\Microsoft\WindowsApps;C:\Users\Bayon\AppData\Local\Programs\Microsoft VS Code\bin;C:\Users\Bayon\AppData\Roaming\npm;C:\Users\Bayon\AppData\Local\Yarn\bin;C:\Program Files\Git\usr\bin\vendor_perl;C:\Program Files\Git\usr\bin\core_perl

Yarn version: 
  1.17.3

Node version: 
  12.6.0

Platform: 
  win32 x64

Trace: 
  SyntaxError: C:\Users\Bayon\projects\3d-tool-v2\package.json: Unexpected token } in JSON at position 460
      at JSON.parse (<anonymous>)
      at C:\Program Files (x86)\Yarn\lib\cli.js:1625:59
      at Generator.next (<anonymous>)
      at step (C:\Program Files (x86)\Yarn\lib\cli.js:304:30)
      at C:\Program Files (x86)\Yarn\lib\cli.js:315:13

npm manifest: 
  {
    "name": "min_tool",
    "version": "0.1.0",
    "private": true,
    "dependencies": {
      "@material-ui/core": "^4.2.0",
      "axios": "^0.19.0",
      "babel-loader": "^8.0.6",
      "babylonjs": "^3.3.0",
      "babylonjs-gui": "^3.3.0",
      "babylonjs-loaders": "^3.3.0",
      "cannon": "^0.6.2",
      "earcut": "^2.1.5",
      "oimo": "^1.0.9",
      "react": "^16.9.0",
      "react-babylonjs": "^1.0.3",
      "react-dom": "^16.9.0",
      "react-scripts": "3.1.1",
       
    },
    "scripts": {
      "start": "react-scripts start",
      "build": "react-scripts build",
      "test": "react-scripts test",
      "eject": "react-scripts eject"
    },
    "eslintConfig": {
      "extends": "react-app"
    },
    "browserslist": {
      "production": [
        ">0.2%",
        "not dead",
        "not op_mini all"
      ],
      "development": [
        "last 1 chrome version",
        "last 1 firefox version",
        "last 1 safari version"
      ]
    }
  }

yarn manifest: 
  No manifest

Lockfile: 
  No lockfile
