Exporter version: 5.6.4, Blender version: 2.79 (sub 0)
========= Conversion from Blender to Babylon.js =========
	Scene settings used :
		export scope        :  ALL
		inline textures     :  false
		Positions Precision :  4
		Normals Precision   :  3
		UVs Precision       :  3
		Vert Color Precision:  3
		Mat Weight Precision:  2
		texture directory   :  C:\Users\Bayon\projects\3d-tool-v2\src\assets\
	Python World class constructor completed
	WARNING: No active camera has been assigned, or is not in a currently selected Blender layer
	processing begun of mesh:  Block4StreetDetails.000_Untitled.000
		processing begun of Standard material:  01_-_Default.186
			Diffuse texture found "Kd"
				Image texture found, type:  diffuseTexture, mapped using: "UVMap"
	WARNING: Error encountered processing image file:  , Error:  [Errno 2] No such file or directory: 'C:\\Users\\Bayon\\projects\\adder_creative_resources\\blender_models\\CITY_FBX_KC9\\..\\..\\..\\..\\..\\..\\Delivery\\\\streetsigns.jpg'
		processing begun of Standard material:  15_-_Default.003
			Diffuse texture found "Kd.004"
				Image texture found, type:  diffuseTexture, mapped using: "UVMap"
	WARNING: Error encountered processing image file:  , Error:  [Errno 2] No such file or directory: 'C:\\Users\\Bayon\\projects\\adder_creative_resources\\blender_models\\CITY_FBX_KC9\\..\\..\\..\\..\\..\\..\\Delivery\\\\BG14w2.jpg'
		processing begun of Standard material:  03_-_Default.025
			Diffuse texture found "Kd.001"
				Image texture found, type:  diffuseTexture, mapped using: "UVMap"
	WARNING: Error encountered processing image file:  , Error:  [Errno 2] No such file or directory: 'C:\\Users\\Bayon\\projects\\adder_creative_resources\\blender_models\\CITY_FBX_KC9\\..\\..\\..\\..\\..\\..\\Delivery\\\\aluminium.jpg'
		processing begun of Standard material:  09_-_Default.003
			Diffuse texture found "Kd.002"
				Image texture found, type:  diffuseTexture, mapped using: "UVMap"
	WARNING: Error encountered processing image file:  , Error:  [Errno 2] No such file or directory: 'C:\\Users\\Bayon\\projects\\adder_creative_resources\\blender_models\\CITY_FBX_KC9\\..\\..\\..\\..\\..\\..\\Delivery\\\\aluminium.jpg'
		processing begun of Standard material:  14_-_Default.057
			Diffuse texture found "Kd.003"
				Image texture found, type:  diffuseTexture, mapped using: "UVMap"
	WARNING: Error encountered processing image file:  , Error:  [Errno 2] No such file or directory: 'C:\\Users\\Bayon\\projects\\adder_creative_resources\\blender_models\\CITY_FBX_KC9\\..\\..\\..\\..\\..\\..\\Delivery\\\\metal.jpg'
		processing begun of Standard material:  19_-_Default.012
			Diffuse texture found "Kd.005"
				Image texture found, type:  diffuseTexture, mapped using: "UVMap"
	WARNING: Error encountered processing image file:  , Error:  [Errno 2] No such file or directory: 'C:\\Users\\Bayon\\projects\\adder_creative_resources\\blender_models\\CITY_FBX_KC9\\..\\..\\..\\..\\..\\..\\Delivery\\\\Roofmisc.jpg'
		processing begun of multimaterial:  streetLight.Multimaterial#0
		num positions      :  842
		num normals        :  842
		num uvs            :  1684
		num uvs2           :  0
		num colors         :  0
		num indices        :  1950
========= Writing of scene file started =========
========= Writing of scene file completed =========
========= end of processing =========
elapsed time:  0 min, 0.0588 secs
