Exporter version: 5.6.4, Blender version: 2.79 (sub 0)
========= Conversion from Blender to Babylon.js =========
	Scene settings used :
		export scope        :  ALL
		inline textures     :  false
		Positions Precision :  4
		Normals Precision   :  3
		UVs Precision       :  3
		Vert Color Precision:  3
		Mat Weight Precision:  2
		texture directory   :  C:\Users\Bayon\projects\3d-tool-v2\src\assets\
	Python World class constructor completed
	WARNING: No active camera has been assigned, or is not in a currently selected Blender layer
	processing begun of mesh:  Block4StreetDetails.001
		processing begun of Standard material:  15 - Default.003
			Diffuse texture found "Map #5.002"
				Image texture found, type:  diffuseTexture, mapped using: "UVChannel_1"
	WARNING: Error encountered processing image file:  , Error:  [Errno 2] No such file or directory: 'C:\\Users\\Bayon\\projects\\adder_creative_resources\\blender_models\\CITY_FBX_KC9\\..\\..\\..\\Downloads\\FBX_KC9\\..\\KC9 Delivery\\BG14w2.jpg'
		processing begun of Standard material:  09 - Default.003
			Diffuse texture found "Map #5.001"
				Image texture found, type:  diffuseTexture, mapped using: "UVChannel_1"
	WARNING: Error encountered processing image file:  , Error:  [Errno 2] No such file or directory: 'C:\\Users\\Bayon\\projects\\adder_creative_resources\\blender_models\\CITY_FBX_KC9\\..\\..\\..\\Downloads\\FBX_KC9\\..\\KC9 Delivery\\aluminium.jpg'
		processing begun of Standard material:  19 - Default.012
			Diffuse texture found "Map #1.003"
				Image texture found, type:  diffuseTexture, mapped using: "UVChannel_1"
	WARNING: Error encountered processing image file:  , Error:  [Errno 2] No such file or directory: 'C:\\Users\\Bayon\\projects\\adder_creative_resources\\blender_models\\CITY_FBX_KC9\\..\\..\\..\\Downloads\\FBX_KC9\\..\\KC9 Delivery\\Roofmisc.jpg'
		processing begun of Standard material:  Material #144.003
		processing begun of Standard material:  13 - Default.022
			Diffuse texture found "Map #6.005"
				Image texture found, type:  diffuseTexture, mapped using: "UVChannel_1"
	WARNING: Error encountered processing image file:  , Error:  [Errno 2] No such file or directory: 'C:\\Users\\Bayon\\projects\\adder_creative_resources\\blender_models\\CITY_FBX_KC9\\..\\..\\..\\Downloads\\FBX_KC9\\..\\KC9 Delivery\\tiled_glass.jpg'
		processing begun of Standard material:  14 - Default.057
			Diffuse texture found "Map #7.002"
				Image texture found, type:  diffuseTexture, mapped using: "UVChannel_1"
	WARNING: Error encountered processing image file:  , Error:  [Errno 2] No such file or directory: 'C:\\Users\\Bayon\\projects\\adder_creative_resources\\blender_models\\CITY_FBX_KC9\\..\\..\\..\\Downloads\\FBX_KC9\\..\\KC9 Delivery\\metal.jpg'
		processing begun of Standard material:  Default.001
		processing begun of Standard material:  01 - Default.251
			Diffuse texture found "Map #0.002"
				Image texture found, type:  diffuseTexture, mapped using: "UVChannel_1"
	WARNING: Error encountered processing image file:  , Error:  [Errno 2] No such file or directory: 'C:\\Users\\Bayon\\projects\\adder_creative_resources\\blender_models\\CITY_FBX_KC9\\..\\..\\..\\Downloads\\FBX_KC9\\..\\KC9 Delivery\\streetsigns.jpg'
		processing begun of Standard material:  07 - Default.033
			Diffuse texture found "Map #3.001"
				Image texture found, type:  diffuseTexture, mapped using: "UVChannel_1"
	WARNING: Error encountered processing image file:  , Error:  [Errno 2] No such file or directory: 'C:\\Users\\Bayon\\projects\\adder_creative_resources\\blender_models\\CITY_FBX_KC9\\..\\..\\..\\Downloads\\FBX_KC9\\..\\KC9 Delivery\\commercials.jpg'
		processing begun of Standard material:  08 - Default.048
			Diffuse texture found "Map #3.005"
				Image texture found, type:  diffuseTexture, mapped using: "UVChannel_1"
	WARNING: Error encountered processing image file:  , Error:  [Errno 2] No such file or directory: 'C:\\Users\\Bayon\\projects\\adder_creative_resources\\blender_models\\CITY_FBX_KC9\\..\\..\\..\\Downloads\\FBX_KC9\\..\\KC9 Delivery\\Plastic_Black.jpg'
		processing begun of Standard material:  Material #267
		processing begun of Standard material:  15 - Default.037
			Diffuse texture found "Map #13.001"
				Image texture found, type:  diffuseTexture, mapped using: "UVChannel_1"
	WARNING: Error encountered processing image file:  , Error:  [Errno 2] No such file or directory: 'C:\\Users\\Bayon\\projects\\adder_creative_resources\\blender_models\\CITY_FBX_KC9\\..\\..\\..\\Downloads\\FBX_KC9\\..\\KC9 Delivery\\Bluec.jpg'
		processing begun of Standard material:  14 - Default.032
			Diffuse texture found "Map #7.002"
				Image texture found, type:  diffuseTexture, mapped using: "UVChannel_1"
	WARNING: Error encountered processing image file:  , Error:  [Errno 2] No such file or directory: 'C:\\Users\\Bayon\\projects\\adder_creative_resources\\blender_models\\CITY_FBX_KC9\\..\\..\\..\\Downloads\\FBX_KC9\\..\\KC9 Delivery\\metal.jpg'
		processing begun of Standard material:  09 - Default.044
			Diffuse texture found "Map #5.001"
				Image texture found, type:  diffuseTexture, mapped using: "UVChannel_1"
	WARNING: Error encountered processing image file:  , Error:  [Errno 2] No such file or directory: 'C:\\Users\\Bayon\\projects\\adder_creative_resources\\blender_models\\CITY_FBX_KC9\\..\\..\\..\\Downloads\\FBX_KC9\\..\\KC9 Delivery\\aluminium.jpg'
		processing begun of Standard material:  01 - Default.023
			Diffuse texture found "Map #1.001"
				Image texture found, type:  diffuseTexture, mapped using: "UVChannel_1"
	WARNING: Error encountered processing image file:  , Error:  [Errno 2] No such file or directory: 'C:\\Users\\Bayon\\projects\\adder_creative_resources\\blender_models\\CITY_FBX_KC9\\..\\..\\..\\Downloads\\FBX_KC9\\..\\KC9 Delivery\\streetmisc.jpg'
		processing begun of Standard material:  01 - Default.205
			Diffuse texture found "Map #1.001"
				Image texture found, type:  diffuseTexture, mapped using: "UVChannel_1"
	WARNING: Error encountered processing image file:  , Error:  [Errno 2] No such file or directory: 'C:\\Users\\Bayon\\projects\\adder_creative_resources\\blender_models\\CITY_FBX_KC9\\..\\..\\..\\Downloads\\FBX_KC9\\..\\KC9 Delivery\\streetmisc.jpg'
		processing begun of Standard material:  01 - Default.246
			Diffuse texture found "Map #1.001"
				Image texture found, type:  diffuseTexture, mapped using: "UVChannel_1"
	WARNING: Error encountered processing image file:  , Error:  [Errno 2] No such file or directory: 'C:\\Users\\Bayon\\projects\\adder_creative_resources\\blender_models\\CITY_FBX_KC9\\..\\..\\..\\Downloads\\FBX_KC9\\..\\KC9 Delivery\\streetmisc.jpg'
		processing begun of Standard material:  02 - Default.076
			Diffuse texture found "Map #2.006"
				Image texture found, type:  diffuseTexture, mapped using: "UVChannel_1"
	WARNING: Error encountered processing image file:  , Error:  [Errno 2] No such file or directory: 'C:\\Users\\Bayon\\projects\\adder_creative_resources\\blender_models\\CITY_FBX_KC9\\..\\..\\..\\Downloads\\FBX_KC9\\..\\KC9 Delivery\\black metal.jpg'
		processing begun of Standard material:  Material #29.009
		processing begun of Standard material:  01 - Default
			Diffuse texture found "Map #1.001"
				Image texture found, type:  diffuseTexture, mapped using: "UVChannel_1"
	WARNING: Error encountered processing image file:  , Error:  [Errno 2] No such file or directory: 'C:\\Users\\Bayon\\projects\\adder_creative_resources\\blender_models\\CITY_FBX_KC9\\..\\..\\..\\Downloads\\FBX_KC9\\..\\KC9 Delivery\\streetmisc.jpg'
		processing begun of Standard material:  Material #26.033
		processing begun of Standard material:  01 - Default.096
			Diffuse texture found "Map #1.001"
				Image texture found, type:  diffuseTexture, mapped using: "UVChannel_1"
	WARNING: Error encountered processing image file:  , Error:  [Errno 2] No such file or directory: 'C:\\Users\\Bayon\\projects\\adder_creative_resources\\blender_models\\CITY_FBX_KC9\\..\\..\\..\\Downloads\\FBX_KC9\\..\\KC9 Delivery\\streetmisc.jpg'
		processing begun of Standard material:  02 - Default.120
			Diffuse texture found "Map #3.005"
				Image texture found, type:  diffuseTexture, mapped using: "UVChannel_1"
	WARNING: Error encountered processing image file:  , Error:  [Errno 2] No such file or directory: 'C:\\Users\\Bayon\\projects\\adder_creative_resources\\blender_models\\CITY_FBX_KC9\\..\\..\\..\\Downloads\\FBX_KC9\\..\\KC9 Delivery\\Plastic_Black.jpg'
		processing begun of Standard material:  Material #36.004
			Diffuse texture found "Map #1.001"
				Image texture found, type:  diffuseTexture, mapped using: "UVChannel_1"
	WARNING: Error encountered processing image file:  , Error:  [Errno 2] No such file or directory: 'C:\\Users\\Bayon\\projects\\adder_creative_resources\\blender_models\\CITY_FBX_KC9\\..\\..\\..\\Downloads\\FBX_KC9\\..\\KC9 Delivery\\streetmisc.jpg'
		processing begun of Standard material:  01 - Default.051
			Diffuse texture found "Map #1.001"
				Image texture found, type:  diffuseTexture, mapped using: "UVChannel_1"
	WARNING: Error encountered processing image file:  , Error:  [Errno 2] No such file or directory: 'C:\\Users\\Bayon\\projects\\adder_creative_resources\\blender_models\\CITY_FBX_KC9\\..\\..\\..\\Downloads\\FBX_KC9\\..\\KC9 Delivery\\streetmisc.jpg'
		processing begun of Standard material:  03 - Default.025
			Diffuse texture found "Map #5.001"
				Image texture found, type:  diffuseTexture, mapped using: "UVChannel_1"
	WARNING: Error encountered processing image file:  , Error:  [Errno 2] No such file or directory: 'C:\\Users\\Bayon\\projects\\adder_creative_resources\\blender_models\\CITY_FBX_KC9\\..\\..\\..\\Downloads\\FBX_KC9\\..\\KC9 Delivery\\aluminium.jpg'
		processing begun of Standard material:  01 - Default.186
			Diffuse texture found "Map #0.002"
				Image texture found, type:  diffuseTexture, mapped using: "UVChannel_1"
	WARNING: Error encountered processing image file:  , Error:  [Errno 2] No such file or directory: 'C:\\Users\\Bayon\\projects\\adder_creative_resources\\blender_models\\CITY_FBX_KC9\\..\\..\\..\\Downloads\\FBX_KC9\\..\\KC9 Delivery\\streetsigns.jpg'
		processing begun of Standard material:  07 - Default.020
			Diffuse texture found "Map #3.001"
				Image texture found, type:  diffuseTexture, mapped using: "UVChannel_1"
	WARNING: Error encountered processing image file:  , Error:  [Errno 2] No such file or directory: 'C:\\Users\\Bayon\\projects\\adder_creative_resources\\blender_models\\CITY_FBX_KC9\\..\\..\\..\\Downloads\\FBX_KC9\\..\\KC9 Delivery\\commercials.jpg'
		processing begun of Standard material:  02 - Default.088
			Diffuse texture found "Map #2.005"
				Image texture found, type:  diffuseTexture, mapped using: "UVChannel_1"
	WARNING: Error encountered processing image file:  , Error:  [Errno 2] No such file or directory: 'C:\\Users\\Bayon\\projects\\adder_creative_resources\\blender_models\\CITY_FBX_KC9\\..\\..\\..\\Downloads\\FBX_KC9\\..\\KC9 Delivery\\metal_scratched.jpeg'
		processing begun of Standard material:  01 - Default.119
			Diffuse texture found "Map #0.002"
				Image texture found, type:  diffuseTexture, mapped using: "UVChannel_1"
	WARNING: Error encountered processing image file:  , Error:  [Errno 2] No such file or directory: 'C:\\Users\\Bayon\\projects\\adder_creative_resources\\blender_models\\CITY_FBX_KC9\\..\\..\\..\\Downloads\\FBX_KC9\\..\\KC9 Delivery\\streetsigns.jpg'
		processing begun of Standard material:  03 - Default.056
			Diffuse texture found "Map #2.005"
				Image texture found, type:  diffuseTexture, mapped using: "UVChannel_1"
	WARNING: Error encountered processing image file:  , Error:  [Errno 2] No such file or directory: 'C:\\Users\\Bayon\\projects\\adder_creative_resources\\blender_models\\CITY_FBX_KC9\\..\\..\\..\\Downloads\\FBX_KC9\\..\\KC9 Delivery\\metal_scratched.jpeg'
		processing begun of Standard material:  08 - Default.045
			Diffuse texture found "Map #3.005"
				Image texture found, type:  diffuseTexture, mapped using: "UVChannel_1"
	WARNING: Error encountered processing image file:  , Error:  [Errno 2] No such file or directory: 'C:\\Users\\Bayon\\projects\\adder_creative_resources\\blender_models\\CITY_FBX_KC9\\..\\..\\..\\Downloads\\FBX_KC9\\..\\KC9 Delivery\\Plastic_Black.jpg'
		processing begun of Standard material:  01 - Default.135
			Diffuse texture found "Map #0.002"
				Image texture found, type:  diffuseTexture, mapped using: "UVChannel_1"
	WARNING: Error encountered processing image file:  , Error:  [Errno 2] No such file or directory: 'C:\\Users\\Bayon\\projects\\adder_creative_resources\\blender_models\\CITY_FBX_KC9\\..\\..\\..\\Downloads\\FBX_KC9\\..\\KC9 Delivery\\streetsigns.jpg'
		processing begun of Standard material:  20 - Default.019
			Diffuse texture found "Map #15.001"
				Image texture found, type:  diffuseTexture, mapped using: "UVChannel_1"
	WARNING: Error encountered processing image file:  , Error:  [Errno 2] No such file or directory: 'C:\\Users\\Bayon\\projects\\adder_creative_resources\\blender_models\\CITY_FBX_KC9\\..\\..\\..\\Downloads\\FBX_KC9\\..\\KC9 Delivery\\white.jpg'
		processing begun of Standard material:  14 - Default.022
			Diffuse texture found "Map #7.002"
				Image texture found, type:  diffuseTexture, mapped using: "UVChannel_1"
	WARNING: Error encountered processing image file:  , Error:  [Errno 2] No such file or directory: 'C:\\Users\\Bayon\\projects\\adder_creative_resources\\blender_models\\CITY_FBX_KC9\\..\\..\\..\\Downloads\\FBX_KC9\\..\\KC9 Delivery\\metal.jpg'
		processing begun of Standard material:  09 - Default.059
			Diffuse texture found "Map #5.001"
				Image texture found, type:  diffuseTexture, mapped using: "UVChannel_1"
	WARNING: Error encountered processing image file:  , Error:  [Errno 2] No such file or directory: 'C:\\Users\\Bayon\\projects\\adder_creative_resources\\blender_models\\CITY_FBX_KC9\\..\\..\\..\\Downloads\\FBX_KC9\\..\\KC9 Delivery\\aluminium.jpg'
		processing begun of Standard material:  Material #132.003
		processing begun of Standard material:  01 - Default.222
			Diffuse texture found "Map #1.001"
				Image texture found, type:  diffuseTexture, mapped using: "UVChannel_1"
	WARNING: Error encountered processing image file:  , Error:  [Errno 2] No such file or directory: 'C:\\Users\\Bayon\\projects\\adder_creative_resources\\blender_models\\CITY_FBX_KC9\\..\\..\\..\\Downloads\\FBX_KC9\\..\\KC9 Delivery\\streetmisc.jpg'
		processing begun of Standard material:  01 - Default.072
			Diffuse texture found "Map #0.002"
				Image texture found, type:  diffuseTexture, mapped using: "UVChannel_1"
	WARNING: Error encountered processing image file:  , Error:  [Errno 2] No such file or directory: 'C:\\Users\\Bayon\\projects\\adder_creative_resources\\blender_models\\CITY_FBX_KC9\\..\\..\\..\\Downloads\\FBX_KC9\\..\\KC9 Delivery\\streetsigns.jpg'
		processing begun of Standard material:  21 - Default.014
			Diffuse texture found "Map #13.003"
				Image texture found, type:  diffuseTexture, mapped using: "UVChannel_1"
	WARNING: Error encountered processing image file:  , Error:  [Errno 2] No such file or directory: 'C:\\Users\\Bayon\\projects\\adder_creative_resources\\blender_models\\CITY_FBX_KC9\\..\\..\\..\\Downloads\\FBX_KC9\\..\\KC9 Delivery\\Bldg31w3.jpg'
		processing begun of Standard material:  15 - Default
			Diffuse texture found "Map #5.002"
				Image texture found, type:  diffuseTexture, mapped using: "UVChannel_1"
	WARNING: Error encountered processing image file:  , Error:  [Errno 2] No such file or directory: 'C:\\Users\\Bayon\\projects\\adder_creative_resources\\blender_models\\CITY_FBX_KC9\\..\\..\\..\\Downloads\\FBX_KC9\\..\\KC9 Delivery\\BG14w2.jpg'
		processing begun of Standard material:  09 - Default.045
			Diffuse texture found "Map #5.001"
				Image texture found, type:  diffuseTexture, mapped using: "UVChannel_1"
	WARNING: Error encountered processing image file:  , Error:  [Errno 2] No such file or directory: 'C:\\Users\\Bayon\\projects\\adder_creative_resources\\blender_models\\CITY_FBX_KC9\\..\\..\\..\\Downloads\\FBX_KC9\\..\\KC9 Delivery\\aluminium.jpg'
		processing begun of Standard material:  19 - Default.029
			Diffuse texture found "Map #1.003"
				Image texture found, type:  diffuseTexture, mapped using: "UVChannel_1"
	WARNING: Error encountered processing image file:  , Error:  [Errno 2] No such file or directory: 'C:\\Users\\Bayon\\projects\\adder_creative_resources\\blender_models\\CITY_FBX_KC9\\..\\..\\..\\Downloads\\FBX_KC9\\..\\KC9 Delivery\\Roofmisc.jpg'
		processing begun of Standard material:  Material #144.004
		processing begun of Standard material:  13 - Default.007
			Diffuse texture found "Map #6.005"
				Image texture found, type:  diffuseTexture, mapped using: "UVChannel_1"
	WARNING: Error encountered processing image file:  , Error:  [Errno 2] No such file or directory: 'C:\\Users\\Bayon\\projects\\adder_creative_resources\\blender_models\\CITY_FBX_KC9\\..\\..\\..\\Downloads\\FBX_KC9\\..\\KC9 Delivery\\tiled_glass.jpg'
		processing begun of Standard material:  14 - Default.013
			Diffuse texture found "Map #7.002"
				Image texture found, type:  diffuseTexture, mapped using: "UVChannel_1"
	WARNING: Error encountered processing image file:  , Error:  [Errno 2] No such file or directory: 'C:\\Users\\Bayon\\projects\\adder_creative_resources\\blender_models\\CITY_FBX_KC9\\..\\..\\..\\Downloads\\FBX_KC9\\..\\KC9 Delivery\\metal.jpg'
		processing begun of Standard material:  08 - Default.070
			Diffuse texture found "Map #3.005"
				Image texture found, type:  diffuseTexture, mapped using: "UVChannel_1"
	WARNING: Error encountered processing image file:  , Error:  [Errno 2] No such file or directory: 'C:\\Users\\Bayon\\projects\\adder_creative_resources\\blender_models\\CITY_FBX_KC9\\..\\..\\..\\Downloads\\FBX_KC9\\..\\KC9 Delivery\\Plastic_Black.jpg'
		processing begun of Standard material:  01 - Default.085
			Diffuse texture found "Map #0.002"
				Image texture found, type:  diffuseTexture, mapped using: "UVChannel_1"
	WARNING: Error encountered processing image file:  , Error:  [Errno 2] No such file or directory: 'C:\\Users\\Bayon\\projects\\adder_creative_resources\\blender_models\\CITY_FBX_KC9\\..\\..\\..\\Downloads\\FBX_KC9\\..\\KC9 Delivery\\streetsigns.jpg'
		processing begun of Standard material:  20 - Default.012
			Diffuse texture found "Map #15.001"
				Image texture found, type:  diffuseTexture, mapped using: "UVChannel_1"
	WARNING: Error encountered processing image file:  , Error:  [Errno 2] No such file or directory: 'C:\\Users\\Bayon\\projects\\adder_creative_resources\\blender_models\\CITY_FBX_KC9\\..\\..\\..\\Downloads\\FBX_KC9\\..\\KC9 Delivery\\white.jpg'
		processing begun of Standard material:  14 - Default.021
			Diffuse texture found "Map #7.002"
				Image texture found, type:  diffuseTexture, mapped using: "UVChannel_1"
	WARNING: Error encountered processing image file:  , Error:  [Errno 2] No such file or directory: 'C:\\Users\\Bayon\\projects\\adder_creative_resources\\blender_models\\CITY_FBX_KC9\\..\\..\\..\\Downloads\\FBX_KC9\\..\\KC9 Delivery\\metal.jpg'
		processing begun of Standard material:  03 - Default.018
			Diffuse texture found "Map #5.001"
				Image texture found, type:  diffuseTexture, mapped using: "UVChannel_1"
	WARNING: Error encountered processing image file:  , Error:  [Errno 2] No such file or directory: 'C:\\Users\\Bayon\\projects\\adder_creative_resources\\blender_models\\CITY_FBX_KC9\\..\\..\\..\\Downloads\\FBX_KC9\\..\\KC9 Delivery\\aluminium.jpg'
		processing begun of Standard material:  01 - Default.092
			Diffuse texture found "Map #0.002"
				Image texture found, type:  diffuseTexture, mapped using: "UVChannel_1"
	WARNING: Error encountered processing image file:  , Error:  [Errno 2] No such file or directory: 'C:\\Users\\Bayon\\projects\\adder_creative_resources\\blender_models\\CITY_FBX_KC9\\..\\..\\..\\Downloads\\FBX_KC9\\..\\KC9 Delivery\\streetsigns.jpg'
		processing begun of Standard material:  02 - Default.119
			Diffuse texture found "Map #5.001"
				Image texture found, type:  diffuseTexture, mapped using: "UVChannel_1"
	WARNING: Error encountered processing image file:  , Error:  [Errno 2] No such file or directory: 'C:\\Users\\Bayon\\projects\\adder_creative_resources\\blender_models\\CITY_FBX_KC9\\..\\..\\..\\Downloads\\FBX_KC9\\..\\KC9 Delivery\\aluminium.jpg'
		processing begun of Standard material:  01 - Default.071
			Diffuse texture found "Map #7.002"
				Image texture found, type:  diffuseTexture, mapped using: "UVChannel_1"
	WARNING: Error encountered processing image file:  , Error:  [Errno 2] No such file or directory: 'C:\\Users\\Bayon\\projects\\adder_creative_resources\\blender_models\\CITY_FBX_KC9\\..\\..\\..\\Downloads\\FBX_KC9\\..\\KC9 Delivery\\metal.jpg'
		processing begun of Standard material:  02 - Default.106
			Diffuse texture found "Map #2.005"
				Image texture found, type:  diffuseTexture, mapped using: "UVChannel_1"
	WARNING: Error encountered processing image file:  , Error:  [Errno 2] No such file or directory: 'C:\\Users\\Bayon\\projects\\adder_creative_resources\\blender_models\\CITY_FBX_KC9\\..\\..\\..\\Downloads\\FBX_KC9\\..\\KC9 Delivery\\metal_scratched.jpeg'
		processing begun of Standard material:  Material #47.006
		processing begun of Standard material:  Material #48.003
		processing begun of Standard material:  08 - Default.042
			Diffuse texture found "Map #9.003"
				Image texture found, type:  diffuseTexture, mapped using: "UVChannel_1"
	WARNING: Error encountered processing image file:  , Error:  [Errno 2] No such file or directory: 'C:\\Users\\Bayon\\projects\\adder_creative_resources\\blender_models\\CITY_FBX_KC9\\..\\..\\..\\Downloads\\FBX_KC9\\..\\KC9 Delivery\\red_metal.jpg'
		processing begun of Standard material:  02 - Default.060
			Diffuse texture found "Map #2.013"
				Image texture found, type:  diffuseTexture, mapped using: "UVChannel_1"
	WARNING: Error encountered processing image file:  , Error:  [Errno 2] No such file or directory: 'C:\\Users\\Bayon\\projects\\adder_creative_resources\\blender_models\\CITY_FBX_KC9\\..\\..\\..\\Downloads\\FBX_KC9\\..\\KC9 Delivery\\metaldark2.jpg'
		processing begun of Standard material:  01 - Default.188
			Diffuse texture found "Map #1.003"
				Image texture found, type:  diffuseTexture, mapped using: "UVChannel_1"
	WARNING: Error encountered processing image file:  , Error:  [Errno 2] No such file or directory: 'C:\\Users\\Bayon\\projects\\adder_creative_resources\\blender_models\\CITY_FBX_KC9\\..\\..\\..\\Downloads\\FBX_KC9\\..\\KC9 Delivery\\Roofmisc.jpg'
		processing begun of Standard material:  07 - Default.002
			Diffuse texture found "Map #5.003"
				Image texture found, type:  diffuseTexture, mapped using: "UVChannel_1"
	WARNING: Error encountered processing image file:  , Error:  [Errno 2] No such file or directory: 'C:\\Users\\Bayon\\projects\\adder_creative_resources\\blender_models\\CITY_FBX_KC9\\..\\..\\..\\Downloads\\FBX_KC9\\..\\KC9 Delivery\\blackmetal2.jpg'
		processing begun of Standard material:  Material #40
		processing begun of Standard material:  03 - Default.016
			Diffuse texture found "Map #2.008"
				Image texture found, type:  diffuseTexture, mapped using: "UVChannel_1"
	WARNING: Error encountered processing image file:  , Error:  [Errno 2] No such file or directory: 'C:\\Users\\Bayon\\projects\\adder_creative_resources\\blender_models\\CITY_FBX_KC9\\..\\..\\..\\Downloads\\FBX_KC9\\..\\KC9 Delivery\\metalgold.jpg'
		processing begun of Standard material:  13 - Default.044
			Diffuse texture found "Map #2.005"
				Image texture found, type:  diffuseTexture, mapped using: "UVChannel_1"
	WARNING: Error encountered processing image file:  , Error:  [Errno 2] No such file or directory: 'C:\\Users\\Bayon\\projects\\adder_creative_resources\\blender_models\\CITY_FBX_KC9\\..\\..\\..\\Downloads\\FBX_KC9\\..\\KC9 Delivery\\metal_scratched.jpeg'
		processing begun of Standard material:  09 - Default.053
			Diffuse texture found "Map #5.001"
				Image texture found, type:  diffuseTexture, mapped using: "UVChannel_1"
	WARNING: Error encountered processing image file:  , Error:  [Errno 2] No such file or directory: 'C:\\Users\\Bayon\\projects\\adder_creative_resources\\blender_models\\CITY_FBX_KC9\\..\\..\\..\\Downloads\\FBX_KC9\\..\\KC9 Delivery\\aluminium.jpg'
		processing begun of Standard material:  14 - Default.054
			Diffuse texture found "Map #7.002"
				Image texture found, type:  diffuseTexture, mapped using: "UVChannel_1"
	WARNING: Error encountered processing image file:  , Error:  [Errno 2] No such file or directory: 'C:\\Users\\Bayon\\projects\\adder_creative_resources\\blender_models\\CITY_FBX_KC9\\..\\..\\..\\Downloads\\FBX_KC9\\..\\KC9 Delivery\\metal.jpg'
		processing begun of Standard material:  02 - Default.049
			Diffuse texture found "Map #9.003"
				Image texture found, type:  diffuseTexture, mapped using: "UVChannel_1"
	WARNING: Error encountered processing image file:  , Error:  [Errno 2] No such file or directory: 'C:\\Users\\Bayon\\projects\\adder_creative_resources\\blender_models\\CITY_FBX_KC9\\..\\..\\..\\Downloads\\FBX_KC9\\..\\KC9 Delivery\\red_metal.jpg'
		processing begun of Standard material:  01 - Default.218
			Diffuse texture found "Map #1.008"
				Image texture found, type:  diffuseTexture, mapped using: "UVChannel_1"
	WARNING: Error encountered processing image file:  , Error:  [Errno 2] No such file or directory: 'C:\\Users\\Bayon\\projects\\adder_creative_resources\\blender_models\\CITY_FBX_KC9\\..\\..\\..\\Downloads\\FBX_KC9\\..\\KC9 Delivery\\streetmisc3.jpg'
		processing begun of Standard material:  01 - Default.070
			Diffuse texture found "Map #1.001"
				Image texture found, type:  diffuseTexture, mapped using: "UVChannel_1"
	WARNING: Error encountered processing image file:  , Error:  [Errno 2] No such file or directory: 'C:\\Users\\Bayon\\projects\\adder_creative_resources\\blender_models\\CITY_FBX_KC9\\..\\..\\..\\Downloads\\FBX_KC9\\..\\KC9 Delivery\\streetmisc.jpg'
		processing begun of Standard material:  02 - Default.104
			Diffuse texture found "Map #2.006"
				Image texture found, type:  diffuseTexture, mapped using: "UVChannel_1"
	WARNING: Error encountered processing image file:  , Error:  [Errno 2] No such file or directory: 'C:\\Users\\Bayon\\projects\\adder_creative_resources\\blender_models\\CITY_FBX_KC9\\..\\..\\..\\Downloads\\FBX_KC9\\..\\KC9 Delivery\\black metal.jpg'
		processing begun of Standard material:  07 - Default.037
			Diffuse texture found "Map #2.005"
				Image texture found, type:  diffuseTexture, mapped using: "UVChannel_1"
	WARNING: Error encountered processing image file:  , Error:  [Errno 2] No such file or directory: 'C:\\Users\\Bayon\\projects\\adder_creative_resources\\blender_models\\CITY_FBX_KC9\\..\\..\\..\\Downloads\\FBX_KC9\\..\\KC9 Delivery\\metal_scratched.jpeg'
		processing begun of Standard material:  Material #154
		processing begun of Standard material:  Material #155
		processing begun of Standard material:  Material #156
		processing begun of Standard material:  Material #157
		processing begun of Standard material:  01 - Default.190
			Diffuse texture found "Map #1.008"
				Image texture found, type:  diffuseTexture, mapped using: "UVChannel_1"
	WARNING: Error encountered processing image file:  , Error:  [Errno 2] No such file or directory: 'C:\\Users\\Bayon\\projects\\adder_creative_resources\\blender_models\\CITY_FBX_KC9\\..\\..\\..\\Downloads\\FBX_KC9\\..\\KC9 Delivery\\streetmisc3.jpg'
		processing begun of Standard material:  07 - Default.077
			Diffuse texture found "Map #1.003"
				Image texture found, type:  diffuseTexture, mapped using: "UVChannel_1"
	WARNING: Error encountered processing image file:  , Error:  [Errno 2] No such file or directory: 'C:\\Users\\Bayon\\projects\\adder_creative_resources\\blender_models\\CITY_FBX_KC9\\..\\..\\..\\Downloads\\FBX_KC9\\..\\KC9 Delivery\\Roofmisc.jpg'
		processing begun of Standard material:  03 - Default.081
			Diffuse texture found "Map #3.006"
				Image texture found, type:  diffuseTexture, mapped using: "UVChannel_1"
	WARNING: Error encountered processing image file:  , Error:  [Errno 2] No such file or directory: 'C:\\Users\\Bayon\\projects\\adder_creative_resources\\blender_models\\CITY_FBX_KC9\\..\\..\\..\\Downloads\\FBX_KC9\\..\\KC9 Delivery\\KC2BG18.jpg'
		processing begun of Standard material:  02 - Default.089
			Diffuse texture found "Map #2.006"
				Image texture found, type:  diffuseTexture, mapped using: "UVChannel_1"
	WARNING: Error encountered processing image file:  , Error:  [Errno 2] No such file or directory: 'C:\\Users\\Bayon\\projects\\adder_creative_resources\\blender_models\\CITY_FBX_KC9\\..\\..\\..\\Downloads\\FBX_KC9\\..\\KC9 Delivery\\black metal.jpg'
		processing begun of Standard material:  01 - Default.111
			Diffuse texture found "Map #1.004"
				Image texture found, type:  diffuseTexture, mapped using: "UVChannel_1"
	WARNING: Error encountered processing image file:  , Error:  [Errno 2] No such file or directory: 'C:\\Users\\Bayon\\projects\\adder_creative_resources\\blender_models\\CITY_FBX_KC9\\..\\..\\..\\Downloads\\FBX_KC9\\..\\KC9 Delivery\\constructionsite.jpg'
		processing begun of Standard material:  06 - Default.001
			Diffuse texture found "Map #20"
				Image texture found, type:  diffuseTexture, mapped using: "UVChannel_1"
	WARNING: Error encountered processing image file:  , Error:  [Errno 2] No such file or directory: 'C:\\Users\\Bayon\\projects\\adder_creative_resources\\blender_models\\CITY_FBX_KC9\\..\\..\\..\\Downloads\\FBX_KC9\\..\\KC9 Delivery\\fabric.jpg'
		processing begun of multimaterial:  mailboxes_3.Multimaterial#0
		num positions      :  237
		num normals        :  237
		num uvs            :  474
		num uvs2           :  0
		num colors         :  0
		num indices        :  306
========= Writing of scene file started =========
========= Writing of scene file completed =========
========= end of processing =========
elapsed time:  0 min, 0.0997 secs
