Exporter version: 5.6.4, Blender version: 2.79 (sub 0)
========= Conversion from Blender to Babylon.js =========
	Scene settings used :
		export scope        :  ALL
		inline textures     :  false
		Positions Precision :  4
		Normals Precision   :  3
		UVs Precision       :  3
		Vert Color Precision:  3
		Mat Weight Precision:  2
		texture directory   :  C:\Users\Bayon\projects\3d-tool-v2\src\assets\
	Python World class constructor completed
	processing begun of mesh:  billboard_2sides_angled_sign_2
		processing begun of Standard material:  Паркет - 01
			WARNING: Material has un-assigned image texture:  "Diffuse Texture" ignored
		num positions      :  4
		num normals        :  4
		num uvs            :  8
		num uvs2           :  0
		num colors         :  0
		num indices        :  6
	processing begun of mesh:  GDLM45_Mat_4
		processing begun of Standard material:  GDLM45_Mat_4
		num positions      :  1016
		num normals        :  1016
		num uvs            :  0
		num uvs2           :  0
		num colors         :  0
		num indices        :  5580
	processing begun of mesh:  Дерево - Дуб Светлый
		processing begun of Standard material:  Дерево - Дуб Светлый
			WARNING: Material has un-assigned image texture:  "Diffuse Texture.004" ignored
		num positions      :  8
		num normals        :  8
		num uvs            :  16
		num uvs2           :  0
		num colors         :  0
		num indices        :  12
	processing begun of mesh:  GDLM44_Mat_1
		processing begun of Standard material:  GDLM44_Mat_1
		num positions      :  24488
		num normals        :  24488
		num uvs            :  0
		num uvs2           :  0
		num colors         :  0
		num indices        :  139608
	processing begun of mesh:  PEN_MATERIAL77
		processing begun of Standard material:  PEN_MATERIAL77
		num positions      :  12
		num normals        :  12
		num uvs            :  0
		num uvs2           :  0
		num colors         :  0
		num indices        :  12
	processing begun of mesh:  Штукатурка - Высококачественная Б
		processing begun of Standard material:  Штукатурка - Высококачественная Б
			WARNING: Material has un-assigned image texture:  "Diffuse Texture.001" ignored
		num positions      :  40
		num normals        :  40
		num uvs            :  80
		num uvs2           :  0
		num colors         :  0
		num indices        :  48
	processing begun of mesh:  billboard_2sides_angled_sign_1
		processing begun of Standard material:  Паркет04
			WARNING: Material has un-assigned image texture:  "Diffuse Texture.005" ignored
		num positions      :  4
		num normals        :  4
		num uvs            :  8
		num uvs2           :  0
		num colors         :  0
		num indices        :  6
	processing begun of mesh:  Металл - Сетчатое Ограждение
		processing begun of Standard material:  Металл - Сетчатое Ограждение
			WARNING: Material has un-assigned image texture:  "Diffuse Texture.002" ignored
		num positions      :  533
		num normals        :  533
		num uvs            :  1066
		num uvs2           :  0
		num colors         :  0
		num indices        :  744
	processing begun of mesh:  GDLM46_Mat_3
		processing begun of Standard material:  GDLM46_Mat_3
		num positions      :  2048
		num normals        :  2048
		num uvs            :  0
		num uvs2           :  0
		num colors         :  0
		num indices        :  12192
	processing begun of camera (UniversalCamera):  Camera
	processing begun of light (POINT):  Lamp
========= Writing of scene file started =========
========= Writing of scene file completed =========
========= end of processing =========
elapsed time:  0 min, 2.0573 secs
