Exporter version: 5.6.4, Blender version: 2.79 (sub 0)
========= Conversion from Blender to Babylon.js =========
	Scene settings used :
		export scope        :  ALL
		inline textures     :  false
		Positions Precision :  4
		Normals Precision   :  3
		UVs Precision       :  3
		Vert Color Precision:  3
		Mat Weight Precision:  2
		texture directory   :  C:\Users\Bayon\projects\3d-tool-v2\src\assets\
	Python World class constructor completed
	WARNING: No active camera has been assigned, or is not in a currently selected Blender layer
	processing begun of mesh:  TowerCraneUpperPart
		processing begun of Standard material:  01 - Default.172
			Diffuse texture found "Map #1.004"
				Image texture found, type:  diffuseTexture, mapped using: "UVChannel_1"
	WARNING: Error encountered processing image file:  , Error:  [Errno 2] No such file or directory: 'C:\\Users\\Bayon\\projects\\adder_creative_resources\\blender_models\\CITY_FBX_KC9\\..\\..\\..\\Downloads\\FBX_KC9\\..\\KC9 Delivery\\constructionsite.jpg'
		processing begun of Standard material:  02 - Default.144
			Diffuse texture found "Map #1.005"
				Image texture found, type:  diffuseTexture, mapped using: "UVChannel_1"
	WARNING: Error encountered processing image file:  , Error:  [Errno 2] No such file or directory: 'C:\\Users\\Bayon\\projects\\adder_creative_resources\\blender_models\\CITY_FBX_KC9\\..\\..\\..\\Downloads\\FBX_KC9\\..\\KC9 Delivery\\MetalChrome.jpg'
		processing begun of Standard material:  03 - Default.052
			Diffuse texture found "Map #6.002"
				Image texture found, type:  diffuseTexture, mapped using: "UVChannel_1"
	WARNING: Error encountered processing image file:  , Error:  [Errno 2] No such file or directory: 'C:\\Users\\Bayon\\projects\\adder_creative_resources\\blender_models\\CITY_FBX_KC9\\..\\..\\..\\Downloads\\FBX_KC9\\..\\KC9 Delivery\\concretedark.jpg'
		processing begun of Standard material:  07 - Default.063
			Diffuse texture found "Map #3.005"
				Image texture found, type:  diffuseTexture, mapped using: "UVChannel_1"
	WARNING: Error encountered processing image file:  , Error:  [Errno 2] No such file or directory: 'C:\\Users\\Bayon\\projects\\adder_creative_resources\\blender_models\\CITY_FBX_KC9\\..\\..\\..\\Downloads\\FBX_KC9\\..\\KC9 Delivery\\Plastic_Black.jpg'
		processing begun of Standard material:  02 - Default.073
			Diffuse texture found "Map #2.006"
				Image texture found, type:  diffuseTexture, mapped using: "UVChannel_1"
	WARNING: Error encountered processing image file:  , Error:  [Errno 2] No such file or directory: 'C:\\Users\\Bayon\\projects\\adder_creative_resources\\blender_models\\CITY_FBX_KC9\\..\\..\\..\\Downloads\\FBX_KC9\\..\\KC9 Delivery\\black metal.jpg'
		processing begun of Standard material:  13 - Default.041
			Diffuse texture found "Map #1.004"
				Image texture found, type:  diffuseTexture, mapped using: "UVChannel_1"
	WARNING: Error encountered processing image file:  , Error:  [Errno 2] No such file or directory: 'C:\\Users\\Bayon\\projects\\adder_creative_resources\\blender_models\\CITY_FBX_KC9\\..\\..\\..\\Downloads\\FBX_KC9\\..\\KC9 Delivery\\constructionsite.jpg'
		processing begun of Standard material:  15 - Default.028
			Diffuse texture found "Map #2.005"
				Image texture found, type:  diffuseTexture, mapped using: "UVChannel_1"
	WARNING: Error encountered processing image file:  , Error:  [Errno 2] No such file or directory: 'C:\\Users\\Bayon\\projects\\adder_creative_resources\\blender_models\\CITY_FBX_KC9\\..\\..\\..\\Downloads\\FBX_KC9\\..\\KC9 Delivery\\metal_scratched.jpeg'
		processing begun of multimaterial:  crane.Multimaterial#0
		num positions      :  25534
		num normals        :  25534
		num uvs            :  51068
		num uvs2           :  0
		num colors         :  0
		num indices        :  37932
	processing begun of mesh:  TowerCraneglass
		processing begun of Standard material:  Glass18reflection
		num positions      :  16
		num normals        :  16
		num uvs            :  32
		num uvs2           :  0
		num colors         :  0
		num indices        :  30
	processing begun of mesh:  TowerCraneMast
		registered as also a user of material:  01 - Default.172
		registered as also a user of material:  02 - Default.144
		registered as also a user of material:  03 - Default.052
		registered as also a user of material:  15 - Default.028
		processing begun of multimaterial:  crane.Multimaterial#1
		num positions      :  19692
		num normals        :  19692
		num uvs            :  39384
		num uvs2           :  0
		num colors         :  0
		num indices        :  30120
		WARNING: # of 0 area faces found:  10
========= Writing of scene file started =========
========= Writing of scene file completed =========
========= end of processing =========
elapsed time:  0 min, 2.155 secs
