Exporter version: 5.6.4, Blender version: 2.79 (sub 0)
========= Conversion from Blender to Babylon.js =========
	Scene settings used :
		export scope        :  ALL
		inline textures     :  false
		Positions Precision :  4
		Normals Precision   :  3
		UVs Precision       :  3
		Vert Color Precision:  3
		Mat Weight Precision:  2
		texture directory   :  C:\Users\Bayon\projects\3d-tool-v2\src\assets\babylon_files\
	Python World class constructor completed
	processing begun of mesh:  Plane
		processing begun of Standard material:  Material.001
			Diffuse texture found "Texture.003"
				Image texture found, type:  diffuseTexture, mapped using: "UVMap"
	WARNING: Error encountered processing image file:  , Error:  [Errno 2] No such file or directory: ''
		num positions      :  4
		num normals        :  4
		num uvs            :  8
		num uvs2           :  0
		num colors         :  0
		num indices        :  6
	processing begun of camera (UniversalCamera):  Camera
	processing begun of mesh:  Landscape
		registered as also a user of material:  Material.001
		num positions      :  3600
		num normals        :  3600
		num uvs            :  7200
		num uvs2           :  0
		num colors         :  0
		num indices        :  20886
	processing begun of light (POINT):  Point
	processing begun of light (SUN):  Sun
========= Writing of scene file started =========
========= Writing of scene file completed =========
========= end of processing =========
elapsed time:  0 min, 0.383 secs
