Exporter version: 5.6.4, Blender version: 2.79 (sub 0)
========= Conversion from Blender to Babylon.js =========
	Scene settings used :
		export scope        :  ALL
		inline textures     :  false
		Positions Precision :  4
		Normals Precision   :  3
		UVs Precision       :  3
		Vert Color Precision:  3
		Mat Weight Precision:  2
		texture directory   :  C:\Users\Bayon\projects\3d-tool-v2\src\assets\babylon_files\
	Python World class constructor completed
	WARNING: No active camera has been assigned, or is not in a currently selected Blender layer
	processing begun of mesh:  RoadStraight
		processing begun of baked material:  RoadStraight
			Cycles baking texture, type: DIFFUSE, mapped using: UVMap
		num positions      :  56
		num normals        :  56
		num uvs            :  112
		num uvs2           :  0
		num colors         :  0
		num indices        :  156
========= Writing of scene file started =========
========= Writing of scene file completed =========
========= end of processing =========
elapsed time:  0 min, 1.2617 secs
